<?xml version="1.0" encoding="UTF-8"?>
<!-- Generated by org.testng.reporters.JUnitReportReporter -->
<testsuite hostname="DESKTOP-DHF1RTD" failures="0" tests="2" name="fbeats_q2.test_cases.archivePage_Tests" time="33.470" errors="0" timestamp="2024-09-13T13:37:13 BDT" skipped="0">
  <testcase classname="fbeats_q2.test_cases.archivePage_Tests" name="Test_20" time="23.791"/>
  <testcase classname="fbeats_q2.test_cases.archivePage_Tests" name="Test_21" time="9.679"/>
</testsuite> <!-- fbeats_q2.test_cases.archivePage_Tests -->
