<?xml version="1.0" encoding="UTF-8"?>
<!-- Generated by org.testng.reporters.JUnitReportReporter -->
<testsuite hostname="DESKTOP-DHF1RTD" failures="0" tests="19" name="fbeats_q2.test_cases.homePage_Tests" time="607.868" errors="0" timestamp="2024-09-13T13:37:13 BDT" skipped="0">
  <testcase classname="fbeats_q2.test_cases.homePage_Tests" name="Test_1" time="25.849"/>
  <testcase classname="fbeats_q2.test_cases.homePage_Tests" name="Test_2" time="27.336"/>
  <testcase classname="fbeats_q2.test_cases.homePage_Tests" name="Test_3" time="16.438"/>
  <testcase classname="fbeats_q2.test_cases.homePage_Tests" name="Test_4" time="17.672"/>
  <testcase classname="fbeats_q2.test_cases.homePage_Tests" name="Test_5" time="20.783"/>
  <testcase classname="fbeats_q2.test_cases.homePage_Tests" name="Test_6" time="24.554"/>
  <testcase classname="fbeats_q2.test_cases.homePage_Tests" name="Test_7" time="31.286"/>
  <testcase classname="fbeats_q2.test_cases.homePage_Tests" name="Test_8" time="32.428"/>
  <testcase classname="fbeats_q2.test_cases.homePage_Tests" name="Test9" time="43.096"/>
  <testcase classname="fbeats_q2.test_cases.homePage_Tests" name="Test10" time="32.788"/>
  <testcase classname="fbeats_q2.test_cases.homePage_Tests" name="Test11" time="33.289"/>
  <testcase classname="fbeats_q2.test_cases.homePage_Tests" name="Test12" time="24.225"/>
  <testcase classname="fbeats_q2.test_cases.homePage_Tests" name="Test13" time="26.698"/>
  <testcase classname="fbeats_q2.test_cases.homePage_Tests" name="Test14" time="53.679"/>
  <testcase classname="fbeats_q2.test_cases.homePage_Tests" name="Test15" time="42.295"/>
  <testcase classname="fbeats_q2.test_cases.homePage_Tests" name="Test16" time="44.167"/>
  <testcase classname="fbeats_q2.test_cases.homePage_Tests" name="Test17" time="42.050"/>
  <testcase classname="fbeats_q2.test_cases.homePage_Tests" name="Test18" time="29.127"/>
  <testcase classname="fbeats_q2.test_cases.homePage_Tests" name="Test19" time="40.108"/>
</testsuite> <!-- fbeats_q2.test_cases.homePage_Tests -->
